<?xml version="1.0" encoding="utf-8"?><testsuites name="pytest tests"><testsuite name="pytest" errors="0" failures="0" skipped="3" tests="110" time="64.388" timestamp="2026-02-27T10:02:01.062446+03:00" hostname="DESKTOP-D5QQLT6"><testcase classname="tests.test_ai_clients" name="test_openai_client_chat_success" time="0.350" /><testcase classname="tests.test_ai_clients" name="test_deepseek_client_search_success" time="0.311" /><testcase classname="tests.test_brain" name="test_brain_indicator_only_buy" time="0.086" /><testcase classname="tests.test_brain" name="test_brain_openai_overrides" time="0.084" /><testcase classname="tests.test_brain_db_persistence" name="test_brain_persists_to_db" time="0.125" /><testcase classname="tests.test_brain_decisions_api" name="test_list_decisions_empty" time="0.014" /><testcase classname="tests.test_brain_decisions_api" name="test_list_decisions_with_data" time="0.037" /><testcase classname="tests.test_brokers_paper" name="test_place_order_filled" time="0.002" /><testcase classname="tests.test_brokers_paper" name="test_get_balance_and_positions" time="0.001" /><testcase classname="tests.test_e2e_independent" name="test_e2e_compute_to_orchestrator_to_trade" time="0.026" /><testcase classname="tests.test_e2e_independent" name="test_scheduler_e2e_simulation" time="0.109" /><testcase classname="tests.test_economic_calendar" name="test_economic_calendar_initialization" time="0.002" /><testcase classname="tests.test_economic_calendar" name="test_fetch_upcoming_events" time="0.002" /><testcase classname="tests.test_economic_calendar" name="test_filter_by_currency" time="0.001" /><testcase classname="tests.test_economic_calendar" name="test_filter_by_impact" time="0.001" /><testcase classname="tests.test_economic_calendar" name="test_event_methods" time="0.001" /><testcase classname="tests.test_economic_calendar" name="test_get_events_for_pair" time="0.001" /><testcase classname="tests.test_economic_calendar" name="test_should_avoid_trading" time="0.002" /><testcase classname="tests.test_economic_calendar" name="test_parse_impact" time="0.001" /><testcase classname="tests.test_economic_calendar" name="test_currency_mapping" time="0.000" /><testcase classname="tests.test_fibonacci_endpoint" name="test_fibonacci_compute_endpoint_public" time="0.015" /><testcase classname="tests.test_fibonacci_endpoint" name="test_fibonacci_compute_endpoint_requires_key" time="0.004" /><testcase classname="tests.test_fibonacci_endpoint" name="test_fibonacci_compute_endpoint_with_key" time="0.013" /><testcase classname="tests.test_fibonacci_endpoint" name="test_fibonacci_response_structure" time="0.011" /><testcase classname="tests.test_fibonacci_indicator" name="test_fibonacci_basic_computation" time="0.001" /><testcase classname="tests.test_fibonacci_indicator" name="test_fibonacci_uptrend" time="0.001" /><testcase classname="tests.test_fibonacci_indicator" name="test_fibonacci_downtrend" time="0.001" /><testcase classname="tests.test_fibonacci_indicator" name="test_fibonacci_nearest_level" time="0.001" /><testcase classname="tests.test_fibonacci_indicator" name="test_fibonacci_signals" time="0.001" /><testcase classname="tests.test_fibonacci_indicator" name="test_fibonacci_insufficient_candles" time="0.000" /><testcase classname="tests.test_fibonacci_indicator" name="test_fibonacci_lookback_parameter" time="0.001" /><testcase classname="tests.test_indicators_api" name="test_compute_endpoint_public_when_key_empty" time="0.012" /><testcase classname="tests.test_indicators_api" name="test_compute_endpoint_requires_key_when_set_and_missing" time="0.005" /><testcase classname="tests.test_indicators_api" name="test_compute_endpoint_with_valid_key" time="0.013" /><testcase classname="tests.test_integration_full_workflow.TestFullUserWorkflow" name="test_full_workflow_register_login_order_trade" time="8.385" /><testcase classname="tests.test_integration_full_workflow.TestFullUserWorkflow" name="test_multiple_orders_same_user" time="24.879" /><testcase classname="tests.test_integration_full_workflow.TestFullUserWorkflow" name="test_order_without_auth_fails" time="0.015" /><testcase classname="tests.test_integration_full_workflow.TestFullUserWorkflow" name="test_invalid_token_fails" time="0.011" /><testcase classname="tests.test_integration_full_workflow.TestOrderAndTradeFlow" name="test_order_list_retrieval" time="12.684" /><testcase classname="tests.test_integration_full_workflow.TestOrderAndTradeFlow" name="test_trade_list_retrieval" time="8.392" /><testcase classname="tests.test_integration_full_workflow.TestOrderAndTradeFlow" name="test_order_get_by_id" time="4.326" /><testcase classname="tests.test_orchestrator_api" name="test_trade_analysis_endpoint" time="0.001"><skipped type="pytest.skip" message="Requires test database fixtures - see test_trade_orchestrator.py for unit tests">C:\Users\USER\jrd-alphamind-Backend\backend\tests\test_orchestrator_api.py:11: Requires test database fixtures - see test_trade_orchestrator.py for unit tests</skipped></testcase><testcase classname="tests.test_orchestrator_api" name="test_quick_analyze_endpoint" time="0.000"><skipped type="pytest.skip" message="Requires test database fixtures - see test_trade_orchestrator.py for unit tests">C:\Users\USER\jrd-alphamind-Backend\backend\tests\test_orchestrator_api.py:18: Requires test database fixtures - see test_trade_orchestrator.py for unit tests</skipped></testcase><testcase classname="tests.test_paper_client" name="test_place_order_and_positions" time="0.002" /><testcase classname="tests.test_paper_client" name="test_get_balance" time="0.001" /><testcase classname="tests.test_position_sizing.TestPositionSizerFixedRisk" name="test_basic_calculation" time="0.001" /><testcase classname="tests.test_position_sizing.TestPositionSizerFixedRisk" name="test_different_account_sizes" time="0.000" /><testcase classname="tests.test_position_sizing.TestPositionSizerFixedRisk" name="test_different_stop_loss" time="0.000" /><testcase classname="tests.test_position_sizing.TestPositionSizerFixedRisk" name="test_leverage_effect" time="0.000" /><testcase classname="tests.test_position_sizing.TestPositionSizerFixedRisk" name="test_min_max_constraints" time="0.000" /><testcase classname="tests.test_position_sizing.TestPositionSizerFixedLot" name="test_fixed_lot" time="0.000" /><testcase classname="tests.test_position_sizing.TestPositionSizerFixedLot" name="test_fixed_lot_ignores_stop_loss" time="0.000" /><testcase classname="tests.test_position_sizing.TestPositionSizerKellyCriterion" name="test_kelly_profitable_system" time="0.000" /><testcase classname="tests.test_position_sizing.TestPositionSizerKellyCriterion" name="test_kelly_break_even_system" time="0.000" /><testcase classname="tests.test_position_sizing.TestPositionSizerKellyCriterion" name="test_kelly_without_win_rate_raises" time="0.001" /><testcase classname="tests.test_position_sizing.TestPositionSizerVolatility" name="test_volatility_low_atr" time="0.000" /><testcase classname="tests.test_position_sizing.TestPositionSizerVolatility" name="test_volatility_without_atr_raises" time="0.000" /><testcase classname="tests.test_position_sizing.TestReverseCalculation" name="test_risk_amount_calculation" time="0.001" /><testcase classname="tests.test_position_sizing.TestReverseCalculation" name="test_risk_amount_respects_constraints" time="0.001" /><testcase classname="tests.test_position_sizing.TestScaleIn" name="test_three_entries" time="0.001" /><testcase classname="tests.test_position_sizing.TestScaleIn" name="test_scale_in_cumulative" time="0.000" /><testcase classname="tests.test_position_sizing.TestSimpleCalculation" name="test_simple_2_percent_rule" time="0.000" /><testcase classname="tests.test_position_sizing.TestSimpleCalculation" name="test_simple_with_custom_risk" time="0.000" /><testcase classname="tests.test_position_sizing.TestEdgeCases" name="test_zero_stop_loss_raises" time="0.000" /><testcase classname="tests.test_position_sizing.TestEdgeCases" name="test_negative_stop_loss_raises" time="0.000" /><testcase classname="tests.test_position_sizing.TestEdgeCases" name="test_unknown_symbol_uses_default_specs" time="0.001" /><testcase classname="tests.test_position_sizing.TestEdgeCases" name="test_very_small_account" time="0.000" /><testcase classname="tests.test_risk_management.TestRiskManagerDailyLoss" name="test_no_loss_yet" time="0.000" /><testcase classname="tests.test_risk_management.TestRiskManagerDailyLoss" name="test_small_loss" time="0.000" /><testcase classname="tests.test_risk_management.TestRiskManagerDailyLoss" name="test_warning_level_loss" time="0.000" /><testcase classname="tests.test_risk_management.TestRiskManagerDailyLoss" name="test_critical_loss" time="0.000" /><testcase classname="tests.test_risk_management.TestRiskManagerDrawdown" name="test_no_drawdown" time="0.000" /><testcase classname="tests.test_risk_management.TestRiskManagerDrawdown" name="test_small_drawdown" time="0.000" /><testcase classname="tests.test_risk_management.TestRiskManagerDrawdown" name="test_warning_drawdown" time="0.000" /><testcase classname="tests.test_risk_management.TestRiskManagerDrawdown" name="test_critical_drawdown" time="0.000" /><testcase classname="tests.test_risk_management.TestRiskManagerPositionSize" name="test_small_position" time="0.000" /><testcase classname="tests.test_risk_management.TestRiskManagerPositionSize" name="test_oversized_position" time="0.000" /><testcase classname="tests.test_risk_management.TestRiskManagerMargin" name="test_sufficient_margin" time="0.001" /><testcase classname="tests.test_risk_management.TestRiskManagerMargin" name="test_insufficient_margin" time="0.000" /><testcase classname="tests.test_risk_management.TestRiskManagerMargin" name="test_high_margin_usage" time="0.000" /><testcase classname="tests.test_risk_management.TestRiskManagerCorrelation" name="test_no_positions" time="0.000" /><testcase classname="tests.test_risk_management.TestRiskManagerCorrelation" name="test_low_correlation" time="0.000" /><testcase classname="tests.test_risk_management.TestRiskManagerCorrelation" name="test_high_correlation" time="0.000" /><testcase classname="tests.test_risk_management.TestRiskManagerStopLoss" name="test_valid_stop_loss" time="0.000" /><testcase classname="tests.test_risk_management.TestRiskManagerStopLoss" name="test_missing_stop_loss" time="0.000" /><testcase classname="tests.test_risk_management.TestRiskManagerStopLoss" name="test_too_tight_stop_loss" time="0.000" /><testcase classname="tests.test_risk_management.TestRiskOfRuin" name="test_losing_system" time="0.000" /><testcase classname="tests.test_risk_management.TestRiskOfRuin" name="test_profitable_system" time="0.000" /><testcase classname="tests.test_risk_management.TestRiskOfRuin" name="test_breakeven_system" time="0.000" /><testcase classname="tests.test_risk_management.TestDailyStats" name="test_empty_stats" time="0.000" /><testcase classname="tests.test_risk_management.TestDailyStats" name="test_with_trades" time="0.000" /><testcase classname="tests.test_risk_management.TestDailyStats" name="test_reset_daily" time="0.000" /><testcase classname="tests.test_trade_orchestrator.TestTradeOrchestrator" name="test_orchestrate_hold_signal" time="0.003" /><testcase classname="tests.test_trade_orchestrator.TestTradeOrchestrator" name="test_orchestrate_sell_signal" time="0.002" /><testcase classname="tests.test_trade_orchestrator.TestTradeOrchestrator" name="test_orchestrate_position_sizing_calculation" time="0.003" /><testcase classname="tests.test_trade_orchestrator.TestTradeOrchestrator" name="test_orchestrate_with_execution" time="0.002" /><testcase classname="tests.test_trade_orchestrator.TestTradeOrchestrator" name="test_orchestrate_without_execution" time="0.002" /><testcase classname="tests.test_trade_orchestrator.TestTradeOrchestrator" name="test_orchestrate_brain_failure_handling" time="0.003" /><testcase classname="tests.test_trade_orchestrator.TestTradeOrchestrator" name="test_orchestrate_risk_check_failure" time="0.002" /><testcase classname="tests.test_trade_orchestrator.TestTradeOrchestrator" name="test_orchestrate_with_default_stop_loss" time="0.002" /><testcase classname="tests.test_trade_orchestrator.TestTradeOrchestrator" name="test_orchestrate_execution_time_tracked" time="0.002" /><testcase classname="tests.test_trade_orchestrator.TestTradeOrchestrator" name="test_orchestrate_with_existing_positions" time="0.002" /><testcase classname="tests.test_trade_orchestrator.TestTradeOrchestrator" name="test_orchestrate_different_strategies" time="0.002" /><testcase classname="tests.test_trade_orchestrator.TestTradeOrchestrator" name="test_orchestrate_with_leverage" time="0.002" /><testcase classname="tests.test_trade_orchestrator.TestTradeOrchestrator" name="test_orchestrate_timestamps" time="0.002" /><testcase classname="tests.test_trade_orchestrator.TestTradeOrchestrator" name="test_orchestrate_warnings_collection" time="0.002" /><testcase classname="tests.test_webhook" name="test_tradingview_webhook[True]" time="0.015" /><testcase classname="tests.test_webhook" name="test_tradingview_webhook[False]" time="0.012" /><testcase classname="tests.test_ws_manager" name="test_broadcast_to_connected_clients" time="0.002" /><testcase classname="tests.test_ws_publish_receive" name="test_ws_receives_published_message[{&quot;id&quot;:1,&quot;symbol&quot;:&quot;EURUSD&quot;,&quot;side&quot;:&quot;buy&quot;,&quot;price&quot;:1.2345,&quot;qty&quot;:0.1,&quot;timestamp&quot;:&quot;2025-11-17T12:00:00Z&quot;,&quot;order_id&quot;:&quot;1&quot;,&quot;user_id&quot;:1,&quot;metadata&quot;:{}}]" time="0.000"><skipped type="pytest.skip" message="Requires Redis running; skipped for CI without docker-compose">C:\Users\USER\jrd-alphamind-Backend\backend\tests\test_ws_publish_receive.py:14: Requires Redis running; skipped for CI without docker-compose</skipped></testcase></testsuite></testsuites>